This file contains any messages produced by compilers while
running configure, to aid debugging if configure makes a mistake.

It was created by libcoap configure 4.1.2, which was
generated by GNU Autoconf 2.69.  Invocation command line was

  $ ./configure -enable-tests

## --------- ##
## Platform. ##
## --------- ##

hostname = paridhika-Satellite-C55-C
uname -m = x86_64
uname -r = 3.19.0-42-generic
uname -s = Linux
uname -v = #48~14.04.1-Ubuntu SMP Fri Dec 18 10:24:49 UTC 2015

/usr/bin/uname -p = unknown
/bin/uname -X     = unknown

/bin/arch              = unknown
/usr/bin/arch -k       = unknown
/usr/convex/getsysinfo = unknown
/usr/bin/hostinfo      = unknown
/bin/machine           = unknown
/usr/bin/oslevel       = unknown
/bin/universe          = unknown

PATH: /usr/local/sbin
PATH: /usr/local/bin
PATH: /usr/sbin
PATH: /usr/bin
PATH: /sbin
PATH: /bin
PATH: /usr/games
PATH: /usr/local/games
PATH: /usr/bin


## ----------- ##
## Core tests. ##
## ----------- ##

configure:2176: checking whether make sets $(MAKE)
configure:2198: result: yes
configure:2255: checking for gcc
configure:2271: found /usr/bin/gcc
configure:2282: result: gcc
configure:2511: checking for C compiler version
configure:2520: gcc --version >&5
gcc (Ubuntu 4.8.4-2ubuntu1~14.04) 4.8.4
Copyright (C) 2013 Free Software Foundation, Inc.
This is free software; see the source for copying conditions.  There is NO
warranty; not even for MERCHANTABILITY or FITNESS FOR A PARTICULAR PURPOSE.

configure:2531: $? = 0
configure:2520: gcc -v >&5
Using built-in specs.
COLLECT_GCC=gcc
COLLECT_LTO_WRAPPER=/usr/lib/gcc/x86_64-linux-gnu/4.8/lto-wrapper
Target: x86_64-linux-gnu
Configured with: ../src/configure -v --with-pkgversion='Ubuntu 4.8.4-2ubuntu1~14.04' --with-bugurl=file:///usr/share/doc/gcc-4.8/README.Bugs --enable-languages=c,c++,java,go,d,fortran,objc,obj-c++ --prefix=/usr --program-suffix=-4.8 --enable-shared --enable-linker-build-id --libexecdir=/usr/lib --without-included-gettext --enable-threads=posix --with-gxx-include-dir=/usr/include/c++/4.8 --libdir=/usr/lib --enable-nls --with-sysroot=/ --enable-clocale=gnu --enable-libstdcxx-debug --enable-libstdcxx-time=yes --enable-gnu-unique-object --disable-libmudflap --enable-plugin --with-system-zlib --disable-browser-plugin --enable-java-awt=gtk --enable-gtk-cairo --with-java-home=/usr/lib/jvm/java-1.5.0-gcj-4.8-amd64/jre --enable-java-home --with-jvm-root-dir=/usr/lib/jvm/java-1.5.0-gcj-4.8-amd64 --with-jvm-jar-dir=/usr/lib/jvm-exports/java-1.5.0-gcj-4.8-amd64 --with-arch-directory=amd64 --with-ecj-jar=/usr/share/java/eclipse-ecj.jar --enable-objc-gc --enable-multiarch --disable-werror --with-arch-32=i686 --with-abi=m64 --with-multilib-list=m32,m64,mx32 --with-tune=generic --enable-checking=release --build=x86_64-linux-gnu --host=x86_64-linux-gnu --target=x86_64-linux-gnu
Thread model: posix
gcc version 4.8.4 (Ubuntu 4.8.4-2ubuntu1~14.04) 
configure:2531: $? = 0
configure:2520: gcc -V >&5
gcc: error: unrecognized command line option '-V'
gcc: fatal error: no input files
compilation terminated.
configure:2531: $? = 4
configure:2520: gcc -qversion >&5
gcc: error: unrecognized command line option '-qversion'
gcc: fatal error: no input files
compilation terminated.
configure:2531: $? = 4
configure:2551: checking whether the C compiler works
configure:2573: gcc    conftest.c  >&5
configure:2577: $? = 0
configure:2625: result: yes
configure:2628: checking for C compiler default output file name
configure:2630: result: a.out
configure:2636: checking for suffix of executables
configure:2643: gcc -o conftest    conftest.c  >&5
configure:2647: $? = 0
configure:2669: result: 
configure:2691: checking whether we are cross compiling
configure:2699: gcc -o conftest    conftest.c  >&5
configure:2703: $? = 0
configure:2710: ./conftest
configure:2714: $? = 0
configure:2729: result: no
configure:2734: checking for suffix of object files
configure:2756: gcc -c   conftest.c >&5
configure:2760: $? = 0
configure:2781: result: o
configure:2785: checking whether we are using the GNU C compiler
configure:2804: gcc -c   conftest.c >&5
configure:2804: $? = 0
configure:2813: result: yes
configure:2822: checking whether gcc accepts -g
configure:2842: gcc -c -g  conftest.c >&5
configure:2842: $? = 0
configure:2883: result: yes
configure:2900: checking for gcc option to accept ISO C89
configure:2963: gcc  -c -g -O2  conftest.c >&5
configure:2963: $? = 0
configure:2976: result: none needed
configure:3039: checking for ranlib
configure:3055: found /usr/bin/ranlib
configure:3066: result: ranlib
configure:3090: checking for doxygen
configure:3121: result: :
configure:3131: checking for etags
configure:3162: result: /bin/false
configure:3177: checking how to run the C preprocessor
configure:3208: gcc -E  conftest.c
configure:3208: $? = 0
configure:3222: gcc -E  conftest.c
conftest.c:9:28: fatal error: ac_nonexistent.h: No such file or directory
 #include <ac_nonexistent.h>
                            ^
compilation terminated.
configure:3222: $? = 1
configure: failed program was:
| /* confdefs.h */
| #define PACKAGE_NAME "libcoap"
| #define PACKAGE_TARNAME "libcoap"
| #define PACKAGE_VERSION "4.1.2"
| #define PACKAGE_STRING "libcoap 4.1.2"
| #define PACKAGE_BUGREPORT ""
| #define PACKAGE_URL ""
| /* end confdefs.h.  */
| #include <ac_nonexistent.h>
configure:3247: result: gcc -E
configure:3267: gcc -E  conftest.c
configure:3267: $? = 0
configure:3281: gcc -E  conftest.c
conftest.c:9:28: fatal error: ac_nonexistent.h: No such file or directory
 #include <ac_nonexistent.h>
                            ^
compilation terminated.
configure:3281: $? = 1
configure: failed program was:
| /* confdefs.h */
| #define PACKAGE_NAME "libcoap"
| #define PACKAGE_TARNAME "libcoap"
| #define PACKAGE_VERSION "4.1.2"
| #define PACKAGE_STRING "libcoap 4.1.2"
| #define PACKAGE_BUGREPORT ""
| #define PACKAGE_URL ""
| /* end confdefs.h.  */
| #include <ac_nonexistent.h>
configure:3310: checking for grep that handles long lines and -e
configure:3368: result: /bin/grep
configure:3373: checking for egrep
configure:3435: result: /bin/grep -E
configure:3440: checking for ANSI C header files
configure:3460: gcc -c -g -O2  conftest.c >&5
configure:3460: $? = 0
configure:3533: gcc -o conftest -g -O2   conftest.c  >&5
configure:3533: $? = 0
configure:3533: ./conftest
configure:3533: $? = 0
configure:3544: result: yes
configure:3557: checking for sys/types.h
configure:3557: gcc -c -g -O2  conftest.c >&5
configure:3557: $? = 0
configure:3557: result: yes
configure:3557: checking for sys/stat.h
configure:3557: gcc -c -g -O2  conftest.c >&5
configure:3557: $? = 0
configure:3557: result: yes
configure:3557: checking for stdlib.h
configure:3557: gcc -c -g -O2  conftest.c >&5
configure:3557: $? = 0
configure:3557: result: yes
configure:3557: checking for string.h
configure:3557: gcc -c -g -O2  conftest.c >&5
configure:3557: $? = 0
configure:3557: result: yes
configure:3557: checking for memory.h
configure:3557: gcc -c -g -O2  conftest.c >&5
configure:3557: $? = 0
configure:3557: result: yes
configure:3557: checking for strings.h
configure:3557: gcc -c -g -O2  conftest.c >&5
configure:3557: $? = 0
configure:3557: result: yes
configure:3557: checking for inttypes.h
configure:3557: gcc -c -g -O2  conftest.c >&5
configure:3557: $? = 0
configure:3557: result: yes
configure:3557: checking for stdint.h
configure:3557: gcc -c -g -O2  conftest.c >&5
configure:3557: $? = 0
configure:3557: result: yes
configure:3557: checking for unistd.h
configure:3557: gcc -c -g -O2  conftest.c >&5
configure:3557: $? = 0
configure:3557: result: yes
configure:3569: checking whether byte ordering is bigendian
configure:3584: gcc -c -g -O2  conftest.c >&5
conftest.c:20:9: error: unknown type name 'not'
         not a universal capable compiler
         ^
conftest.c:20:15: error: expected '=', ',', ';', 'asm' or '__attribute__' before 'universal'
         not a universal capable compiler
               ^
conftest.c:20:15: error: unknown type name 'universal'
configure:3584: $? = 1
configure: failed program was:
| /* confdefs.h */
| #define PACKAGE_NAME "libcoap"
| #define PACKAGE_TARNAME "libcoap"
| #define PACKAGE_VERSION "4.1.2"
| #define PACKAGE_STRING "libcoap 4.1.2"
| #define PACKAGE_BUGREPORT ""
| #define PACKAGE_URL ""
| #define STDC_HEADERS 1
| #define HAVE_SYS_TYPES_H 1
| #define HAVE_SYS_STAT_H 1
| #define HAVE_STDLIB_H 1
| #define HAVE_STRING_H 1
| #define HAVE_MEMORY_H 1
| #define HAVE_STRINGS_H 1
| #define HAVE_INTTYPES_H 1
| #define HAVE_STDINT_H 1
| #define HAVE_UNISTD_H 1
| /* end confdefs.h.  */
| #ifndef __APPLE_CC__
| 	       not a universal capable compiler
| 	     #endif
| 	     typedef int dummy;
| 
configure:3629: gcc -c -g -O2  conftest.c >&5
configure:3629: $? = 0
configure:3647: gcc -c -g -O2  conftest.c >&5
conftest.c: In function 'main':
conftest.c:26:4: error: unknown type name 'not'
    not big endian
    ^
conftest.c:26:12: error: expected '=', ',', ';', 'asm' or '__attribute__' before 'endian'
    not big endian
            ^
configure:3647: $? = 1
configure: failed program was:
| /* confdefs.h */
| #define PACKAGE_NAME "libcoap"
| #define PACKAGE_TARNAME "libcoap"
| #define PACKAGE_VERSION "4.1.2"
| #define PACKAGE_STRING "libcoap 4.1.2"
| #define PACKAGE_BUGREPORT ""
| #define PACKAGE_URL ""
| #define STDC_HEADERS 1
| #define HAVE_SYS_TYPES_H 1
| #define HAVE_SYS_STAT_H 1
| #define HAVE_STDLIB_H 1
| #define HAVE_STRING_H 1
| #define HAVE_MEMORY_H 1
| #define HAVE_STRINGS_H 1
| #define HAVE_INTTYPES_H 1
| #define HAVE_STDINT_H 1
| #define HAVE_UNISTD_H 1
| /* end confdefs.h.  */
| #include <sys/types.h>
| 		#include <sys/param.h>
| 
| int
| main ()
| {
| #if BYTE_ORDER != BIG_ENDIAN
| 		 not big endian
| 		#endif
| 
|   ;
|   return 0;
| }
configure:3775: result: no
configure:3795: checking for coap_new_pdu in -lcoap
configure:3820: gcc -o conftest -g -O2   conftest.c -lcoap   >&5
configure:3820: $? = 0
configure:3829: result: yes
configure:3841: checking for library containing gethostbyname
configure:3872: gcc -o conftest -g -O2   conftest.c -lcoap  >&5
configure:3872: $? = 0
configure:3889: result: none required
configure:3897: checking for library containing socket
configure:3928: gcc -o conftest -g -O2   conftest.c -lcoap  >&5
configure:3928: $? = 0
configure:3945: result: none required
configure:4012: checking assert.h usability
configure:4012: gcc -c -g -O2  -DWITH_POSIX conftest.c >&5
configure:4012: $? = 0
configure:4012: result: yes
configure:4012: checking assert.h presence
configure:4012: gcc -E  -DWITH_POSIX conftest.c
configure:4012: $? = 0
configure:4012: result: yes
configure:4012: checking for assert.h
configure:4012: result: yes
configure:4012: checking arpa/inet.h usability
configure:4012: gcc -c -g -O2  -DWITH_POSIX conftest.c >&5
configure:4012: $? = 0
configure:4012: result: yes
configure:4012: checking arpa/inet.h presence
configure:4012: gcc -E  -DWITH_POSIX conftest.c
configure:4012: $? = 0
configure:4012: result: yes
configure:4012: checking for arpa/inet.h
configure:4012: result: yes
configure:4012: checking limits.h usability
configure:4012: gcc -c -g -O2  -DWITH_POSIX conftest.c >&5
configure:4012: $? = 0
configure:4012: result: yes
configure:4012: checking limits.h presence
configure:4012: gcc -E  -DWITH_POSIX conftest.c
configure:4012: $? = 0
configure:4012: result: yes
configure:4012: checking for limits.h
configure:4012: result: yes
configure:4012: checking netdb.h usability
configure:4012: gcc -c -g -O2  -DWITH_POSIX conftest.c >&5
configure:4012: $? = 0
configure:4012: result: yes
configure:4012: checking netdb.h presence
configure:4012: gcc -E  -DWITH_POSIX conftest.c
configure:4012: $? = 0
configure:4012: result: yes
configure:4012: checking for netdb.h
configure:4012: result: yes
configure:4012: checking netinet/in.h usability
configure:4012: gcc -c -g -O2  -DWITH_POSIX conftest.c >&5
configure:4012: $? = 0
configure:4012: result: yes
configure:4012: checking netinet/in.h presence
configure:4012: gcc -E  -DWITH_POSIX conftest.c
configure:4012: $? = 0
configure:4012: result: yes
configure:4012: checking for netinet/in.h
configure:4012: result: yes
configure:4012: checking for stdlib.h
configure:4012: result: yes
configure:4012: checking for string.h
configure:4012: result: yes
configure:4012: checking for strings.h
configure:4012: result: yes
configure:4012: checking sys/socket.h usability
configure:4012: gcc -c -g -O2  -DWITH_POSIX conftest.c >&5
configure:4012: $? = 0
configure:4012: result: yes
configure:4012: checking sys/socket.h presence
configure:4012: gcc -E  -DWITH_POSIX conftest.c
configure:4012: $? = 0
configure:4012: result: yes
configure:4012: checking for sys/socket.h
configure:4012: result: yes
configure:4012: checking sys/time.h usability
configure:4012: gcc -c -g -O2  -DWITH_POSIX conftest.c >&5
configure:4012: $? = 0
configure:4012: result: yes
configure:4012: checking sys/time.h presence
configure:4012: gcc -E  -DWITH_POSIX conftest.c
configure:4012: $? = 0
configure:4012: result: yes
configure:4012: checking for sys/time.h
configure:4012: result: yes
configure:4012: checking time.h usability
configure:4012: gcc -c -g -O2  -DWITH_POSIX conftest.c >&5
configure:4012: $? = 0
configure:4012: result: yes
configure:4012: checking time.h presence
configure:4012: gcc -E  -DWITH_POSIX conftest.c
configure:4012: $? = 0
configure:4012: result: yes
configure:4012: checking for time.h
configure:4012: result: yes
configure:4012: checking for unistd.h
configure:4012: result: yes
configure:4012: checking sys/unistd.h usability
configure:4012: gcc -c -g -O2  -DWITH_POSIX conftest.c >&5
configure:4012: $? = 0
configure:4012: result: yes
configure:4012: checking sys/unistd.h presence
configure:4012: gcc -E  -DWITH_POSIX conftest.c
configure:4012: $? = 0
configure:4012: result: yes
configure:4012: checking for sys/unistd.h
configure:4012: result: yes
configure:4012: checking syslog.h usability
configure:4012: gcc -c -g -O2  -DWITH_POSIX conftest.c >&5
configure:4012: $? = 0
configure:4012: result: yes
configure:4012: checking syslog.h presence
configure:4012: gcc -E  -DWITH_POSIX conftest.c
configure:4012: $? = 0
configure:4012: result: yes
configure:4012: checking for syslog.h
configure:4012: result: yes
configure:4024: checking for size_t
configure:4024: gcc -c -g -O2  -DWITH_POSIX conftest.c >&5
configure:4024: $? = 0
configure:4024: gcc -c -g -O2  -DWITH_POSIX conftest.c >&5
conftest.c: In function 'main':
conftest.c:70:21: error: expected expression before ')' token
 if (sizeof ((size_t)))
                     ^
configure:4024: $? = 1
configure: failed program was:
| /* confdefs.h */
| #define PACKAGE_NAME "libcoap"
| #define PACKAGE_TARNAME "libcoap"
| #define PACKAGE_VERSION "4.1.2"
| #define PACKAGE_STRING "libcoap 4.1.2"
| #define PACKAGE_BUGREPORT ""
| #define PACKAGE_URL ""
| #define STDC_HEADERS 1
| #define HAVE_SYS_TYPES_H 1
| #define HAVE_SYS_STAT_H 1
| #define HAVE_STDLIB_H 1
| #define HAVE_STRING_H 1
| #define HAVE_MEMORY_H 1
| #define HAVE_STRINGS_H 1
| #define HAVE_INTTYPES_H 1
| #define HAVE_STDINT_H 1
| #define HAVE_UNISTD_H 1
| #define HAVE_LIBCOAP 1
| #define HAVE_ASSERT_H 1
| #define HAVE_ARPA_INET_H 1
| #define HAVE_LIMITS_H 1
| #define HAVE_NETDB_H 1
| #define HAVE_NETINET_IN_H 1
| #define HAVE_STDLIB_H 1
| #define HAVE_STRING_H 1
| #define HAVE_STRINGS_H 1
| #define HAVE_SYS_SOCKET_H 1
| #define HAVE_SYS_TIME_H 1
| #define HAVE_TIME_H 1
| #define HAVE_UNISTD_H 1
| #define HAVE_SYS_UNISTD_H 1
| #define HAVE_SYSLOG_H 1
| /* end confdefs.h.  */
| #include <stdio.h>
| #ifdef HAVE_SYS_TYPES_H
| # include <sys/types.h>
| #endif
| #ifdef HAVE_SYS_STAT_H
| # include <sys/stat.h>
| #endif
| #ifdef STDC_HEADERS
| # include <stdlib.h>
| # include <stddef.h>
| #else
| # ifdef HAVE_STDLIB_H
| #  include <stdlib.h>
| # endif
| #endif
| #ifdef HAVE_STRING_H
| # if !defined STDC_HEADERS && defined HAVE_MEMORY_H
| #  include <memory.h>
| # endif
| # include <string.h>
| #endif
| #ifdef HAVE_STRINGS_H
| # include <strings.h>
| #endif
| #ifdef HAVE_INTTYPES_H
| # include <inttypes.h>
| #endif
| #ifdef HAVE_STDINT_H
| # include <stdint.h>
| #endif
| #ifdef HAVE_UNISTD_H
| # include <unistd.h>
| #endif
| int
| main ()
| {
| if (sizeof ((size_t)))
| 	    return 0;
|   ;
|   return 0;
| }
configure:4024: result: yes
configure:4035: checking for ssize_t
configure:4035: gcc -c -g -O2  -DWITH_POSIX conftest.c >&5
configure:4035: $? = 0
configure:4035: gcc -c -g -O2  -DWITH_POSIX conftest.c >&5
conftest.c: In function 'main':
conftest.c:70:22: error: expected expression before ')' token
 if (sizeof ((ssize_t)))
                      ^
configure:4035: $? = 1
configure: failed program was:
| /* confdefs.h */
| #define PACKAGE_NAME "libcoap"
| #define PACKAGE_TARNAME "libcoap"
| #define PACKAGE_VERSION "4.1.2"
| #define PACKAGE_STRING "libcoap 4.1.2"
| #define PACKAGE_BUGREPORT ""
| #define PACKAGE_URL ""
| #define STDC_HEADERS 1
| #define HAVE_SYS_TYPES_H 1
| #define HAVE_SYS_STAT_H 1
| #define HAVE_STDLIB_H 1
| #define HAVE_STRING_H 1
| #define HAVE_MEMORY_H 1
| #define HAVE_STRINGS_H 1
| #define HAVE_INTTYPES_H 1
| #define HAVE_STDINT_H 1
| #define HAVE_UNISTD_H 1
| #define HAVE_LIBCOAP 1
| #define HAVE_ASSERT_H 1
| #define HAVE_ARPA_INET_H 1
| #define HAVE_LIMITS_H 1
| #define HAVE_NETDB_H 1
| #define HAVE_NETINET_IN_H 1
| #define HAVE_STDLIB_H 1
| #define HAVE_STRING_H 1
| #define HAVE_STRINGS_H 1
| #define HAVE_SYS_SOCKET_H 1
| #define HAVE_SYS_TIME_H 1
| #define HAVE_TIME_H 1
| #define HAVE_UNISTD_H 1
| #define HAVE_SYS_UNISTD_H 1
| #define HAVE_SYSLOG_H 1
| /* end confdefs.h.  */
| #include <stdio.h>
| #ifdef HAVE_SYS_TYPES_H
| # include <sys/types.h>
| #endif
| #ifdef HAVE_SYS_STAT_H
| # include <sys/stat.h>
| #endif
| #ifdef STDC_HEADERS
| # include <stdlib.h>
| # include <stddef.h>
| #else
| # ifdef HAVE_STDLIB_H
| #  include <stdlib.h>
| # endif
| #endif
| #ifdef HAVE_STRING_H
| # if !defined STDC_HEADERS && defined HAVE_MEMORY_H
| #  include <memory.h>
| # endif
| # include <string.h>
| #endif
| #ifdef HAVE_STRINGS_H
| # include <strings.h>
| #endif
| #ifdef HAVE_INTTYPES_H
| # include <inttypes.h>
| #endif
| #ifdef HAVE_STDINT_H
| # include <stdint.h>
| #endif
| #ifdef HAVE_UNISTD_H
| # include <unistd.h>
| #endif
| int
| main ()
| {
| if (sizeof ((ssize_t)))
| 	    return 0;
|   ;
|   return 0;
| }
configure:4035: result: yes
configure:4050: checking for stdlib.h
configure:4050: result: yes
configure:4060: checking for GNU libc compatible malloc
configure:4084: gcc -o conftest -g -O2  -DWITH_POSIX  conftest.c -lcoap  >&5
configure:4084: $? = 0
configure:4084: ./conftest
configure:4084: $? = 0
configure:4094: result: yes
configure:4118: checking for memset
configure:4118: gcc -o conftest -g -O2  -DWITH_POSIX  conftest.c -lcoap  >&5
conftest.c:59:6: warning: conflicting types for built-in function 'memset' [enabled by default]
 char memset ();
      ^
configure:4118: $? = 0
configure:4118: result: yes
configure:4118: checking for select
configure:4118: gcc -o conftest -g -O2  -DWITH_POSIX  conftest.c -lcoap  >&5
configure:4118: $? = 0
configure:4118: result: yes
configure:4118: checking for socket
configure:4118: gcc -o conftest -g -O2  -DWITH_POSIX  conftest.c -lcoap  >&5
configure:4118: $? = 0
configure:4118: result: yes
configure:4118: checking for strcasecmp
configure:4118: gcc -o conftest -g -O2  -DWITH_POSIX  conftest.c -lcoap  >&5
conftest.c:62:6: warning: conflicting types for built-in function 'strcasecmp' [enabled by default]
 char strcasecmp ();
      ^
configure:4118: $? = 0
configure:4118: result: yes
configure:4118: checking for strrchr
configure:4118: gcc -o conftest -g -O2  -DWITH_POSIX  conftest.c -lcoap  >&5
conftest.c:63:6: warning: conflicting types for built-in function 'strrchr' [enabled by default]
 char strrchr ();
      ^
configure:4118: $? = 0
configure:4118: result: yes
configure:4118: checking for getaddrinfo
configure:4118: gcc -o conftest -g -O2  -DWITH_POSIX  conftest.c -lcoap  >&5
configure:4118: $? = 0
configure:4118: result: yes
configure:4118: checking for strnlen
configure:4118: gcc -o conftest -g -O2  -DWITH_POSIX  conftest.c -lcoap  >&5
configure:4118: $? = 0
configure:4118: result: yes
configure:4252: creating ./config.status

## ---------------------- ##
## Running config.status. ##
## ---------------------- ##

This file was extended by libcoap config.status 4.1.2, which was
generated by GNU Autoconf 2.69.  Invocation command line was

  CONFIG_FILES    = 
  CONFIG_HEADERS  = 
  CONFIG_LINKS    = 
  CONFIG_COMMANDS = 
  $ ./config.status 

on paridhika-Satellite-C55-C

config.status:832: creating Makefile
config.status:832: creating doc/Makefile
config.status:832: creating doc/Doxyfile
config.status:832: creating examples/Makefile
config.status:832: creating tests/Makefile
config.status:832: creating config.h
config.status:1002: config.h is unchanged
configure:5410: WARNING: unrecognized options: --enable-tests

## ---------------- ##
## Cache variables. ##
## ---------------- ##

ac_cv_c_bigendian=no
ac_cv_c_compiler_gnu=yes
ac_cv_env_CC_set=
ac_cv_env_CC_value=
ac_cv_env_CFLAGS_set=
ac_cv_env_CFLAGS_value=
ac_cv_env_CPPFLAGS_set=
ac_cv_env_CPPFLAGS_value=
ac_cv_env_CPP_set=
ac_cv_env_CPP_value=
ac_cv_env_LDFLAGS_set=
ac_cv_env_LDFLAGS_value=
ac_cv_env_LIBS_set=
ac_cv_env_LIBS_value=
ac_cv_env_build_alias_set=
ac_cv_env_build_alias_value=
ac_cv_env_host_alias_set=
ac_cv_env_host_alias_value=
ac_cv_env_target_alias_set=
ac_cv_env_target_alias_value=
ac_cv_func_getaddrinfo=yes
ac_cv_func_malloc_0_nonnull=yes
ac_cv_func_memset=yes
ac_cv_func_select=yes
ac_cv_func_socket=yes
ac_cv_func_strcasecmp=yes
ac_cv_func_strnlen=yes
ac_cv_func_strrchr=yes
ac_cv_header_arpa_inet_h=yes
ac_cv_header_assert_h=yes
ac_cv_header_inttypes_h=yes
ac_cv_header_limits_h=yes
ac_cv_header_memory_h=yes
ac_cv_header_netdb_h=yes
ac_cv_header_netinet_in_h=yes
ac_cv_header_stdc=yes
ac_cv_header_stdint_h=yes
ac_cv_header_stdlib_h=yes
ac_cv_header_string_h=yes
ac_cv_header_strings_h=yes
ac_cv_header_sys_socket_h=yes
ac_cv_header_sys_stat_h=yes
ac_cv_header_sys_time_h=yes
ac_cv_header_sys_types_h=yes
ac_cv_header_sys_unistd_h=yes
ac_cv_header_syslog_h=yes
ac_cv_header_time_h=yes
ac_cv_header_unistd_h=yes
ac_cv_lib_coap_coap_new_pdu=yes
ac_cv_objext=o
ac_cv_path_DOXYGEN=:
ac_cv_path_EGREP='/bin/grep -E'
ac_cv_path_ETAGS=/bin/false
ac_cv_path_GREP=/bin/grep
ac_cv_prog_CPP='gcc -E'
ac_cv_prog_ac_ct_CC=gcc
ac_cv_prog_ac_ct_RANLIB=ranlib
ac_cv_prog_cc_c89=
ac_cv_prog_cc_g=yes
ac_cv_prog_make_make_set=yes
ac_cv_search_gethostbyname='none required'
ac_cv_search_socket='none required'
ac_cv_type_size_t=yes
ac_cv_type_ssize_t=yes

## ----------------- ##
## Output variables. ##
## ----------------- ##

BUILD_SO=''
CC='gcc'
CFLAGS='-g -O2'
CPP='gcc -E'
CPPFLAGS=' -DWITH_POSIX'
DEFS='-DHAVE_CONFIG_H'
DOXYGEN=':'
ECHO_C=''
ECHO_N='-n'
ECHO_T=''
EGREP='/bin/grep -E'
ETAGS='/bin/false'
EXEEXT=''
GREP='/bin/grep'
LDFLAGS=''
LIBOBJS=''
LIBS='-lcoap '
LIBSO_VERSION=''
LTLIBOBJS=''
OBJEXT='o'
PACKAGE_BUGREPORT=''
PACKAGE_NAME='libcoap'
PACKAGE_STRING='libcoap 4.1.2'
PACKAGE_TARNAME='libcoap'
PACKAGE_URL=''
PACKAGE_VERSION='4.1.2'
PATH_SEPARATOR=':'
RANLIB='ranlib'
SET_MAKE=''
SHELL='/bin/bash'
TESTS=''
ac_ct_CC='gcc'
bindir='${exec_prefix}/bin'
build_alias=''
datadir='${datarootdir}'
datarootdir='${prefix}/share'
docdir='${datarootdir}/doc/${PACKAGE_TARNAME}'
dvidir='${docdir}'
exec_prefix='${prefix}'
host_alias=''
htmldir='${docdir}'
includedir='${prefix}/include'
infodir='${datarootdir}/info'
libdir='${exec_prefix}/lib'
libexecdir='${exec_prefix}/libexec'
localedir='${datarootdir}/locale'
localstatedir='${prefix}/var'
mandir='${datarootdir}/man'
oldincludedir='/usr/include'
pdfdir='${docdir}'
prefix='/usr/local'
program_transform_name='s,x,x,'
psdir='${docdir}'
sbindir='${exec_prefix}/sbin'
sharedstatedir='${prefix}/com'
sysconfdir='${prefix}/etc'
target_alias=''

## ----------- ##
## confdefs.h. ##
## ----------- ##

/* confdefs.h */
#define PACKAGE_NAME "libcoap"
#define PACKAGE_TARNAME "libcoap"
#define PACKAGE_VERSION "4.1.2"
#define PACKAGE_STRING "libcoap 4.1.2"
#define PACKAGE_BUGREPORT ""
#define PACKAGE_URL ""
#define STDC_HEADERS 1
#define HAVE_SYS_TYPES_H 1
#define HAVE_SYS_STAT_H 1
#define HAVE_STDLIB_H 1
#define HAVE_STRING_H 1
#define HAVE_MEMORY_H 1
#define HAVE_STRINGS_H 1
#define HAVE_INTTYPES_H 1
#define HAVE_STDINT_H 1
#define HAVE_UNISTD_H 1
#define HAVE_LIBCOAP 1
#define HAVE_ASSERT_H 1
#define HAVE_ARPA_INET_H 1
#define HAVE_LIMITS_H 1
#define HAVE_NETDB_H 1
#define HAVE_NETINET_IN_H 1
#define HAVE_STDLIB_H 1
#define HAVE_STRING_H 1
#define HAVE_STRINGS_H 1
#define HAVE_SYS_SOCKET_H 1
#define HAVE_SYS_TIME_H 1
#define HAVE_TIME_H 1
#define HAVE_UNISTD_H 1
#define HAVE_SYS_UNISTD_H 1
#define HAVE_SYSLOG_H 1
#define HAVE_STDLIB_H 1
#define HAVE_MALLOC 1
#define HAVE_MEMSET 1
#define HAVE_SELECT 1
#define HAVE_SOCKET 1
#define HAVE_STRCASECMP 1
#define HAVE_STRRCHR 1
#define HAVE_GETADDRINFO 1
#define HAVE_STRNLEN 1

configure: exit 0
